[2018-09-28 15:26:46] production.ERROR: SQLSTATE[HY000] [1044] Access denied for user ''@'localhost' to database 'forge' (SQL: select count(*) as aggregate from `tasks` where `status` = 1 and `tasks`.`deleted_at` is null) {"exception":"[object] (Illuminate\\Database\\QueryException(code: 1044): SQLSTATE[HY000] [1044] Access denied for user ''@'localhost' to database 'forge' (SQL: select count(*) as aggregate from `tasks` where `status` = 1 and `tasks`.`deleted_at` is null) at /www/wwwroot/chczs_toupiao110/vendor/laravel/framework/src/Illuminate/Database/Connection.php:664, PDOException(code: 1044): SQLSTATE[HY000] [1044] Access denied for user ''@'localhost' to database 'forge' at /www/wwwroot/chczs_toupiao110/vendor/laravel/framework/src/Illuminate/Database/Connectors/Connector.php:68)
[stacktrace]
#0 /www/wwwroot/chczs_toupiao110/vendor/laravel/framework/src/Illuminate/Database/Connection.php(624): Illuminate\\Database\\Connection->runQueryCallback('select count(*)...', Array, Object(Closure))
#1 /www/wwwroot/chczs_toupiao110/vendor/laravel/framework/src/Illuminate/Database/Connection.php(333): Illuminate\\Database\\Connection->run('select count(*)...', Array, Object(Closure))
#2 /www/wwwroot/chczs_toupiao110/vendor/laravel/framework/src/Illuminate/Database/Query/Builder.php(1963): Illuminate\\Database\\Connection->select('select count(*)...', Array, true)
#3 /www/wwwroot/chczs_toupiao110/vendor/laravel/framework/src/Illuminate/Database/Query/Builder.php(1951): Illuminate\\Database\\Query\\Builder->runSelect()
#4 /www/wwwroot/chczs_toupiao110/vendor/laravel/framework/src/Illuminate/Database/Query/Builder.php(2435): Illuminate\\Database\\Query\\Builder->Illuminate\\Database\\Query\\{closure}()
#5 /www/wwwroot/chczs_toupiao110/vendor/laravel/framework/src/Illuminate/Database/Query/Builder.php(1952): Illuminate\\Database\\Query\\Builder->onceWithColumns(Array, Object(Closure))
#6 /www/wwwroot/chczs_toupiao110/vendor/laravel/framework/src/Illuminate/Database/Query/Builder.php(2362): Illuminate\\Database\\Query\\Builder->get(Array)
#7 /www/wwwroot/chczs_toupiao110/vendor/laravel/framework/src/Illuminate/Database/Query/Builder.php(2290): Illuminate\\Database\\Query\\Builder->aggregate('count', Array)
#8 /www/wwwroot/chczs_toupiao110/vendor/laravel/framework/src/Illuminate/Database/Eloquent/Builder.php(1283): Illuminate\\Database\\Query\\Builder->count()
#9 /www/wwwroot/chczs_toupiao110/app/Providers/AppServiceProvider.php(20): Illuminate\\Database\\Eloquent\\Builder->__call('count', Array)
#10 [internal function]: App\\Providers\\AppServiceProvider->boot()
#11 /www/wwwroot/chczs_toupiao110/vendor/laravel/framework/src/Illuminate/Container/BoundMethod.php(29): call_user_func_array(Array, Array)
#12 /www/wwwroot/chczs_toupiao110/vendor/laravel/framework/src/Illuminate/Container/BoundMethod.php(87): Illuminate\\Container\\BoundMethod::Illuminate\\Container\\{closure}()
#13 /www/wwwroot/chczs_toupiao110/vendor/laravel/framework/src/Illuminate/Container/BoundMethod.php(31): Illuminate\\Container\\BoundMethod::callBoundMethod(Object(Illuminate\\Foundation\\Application), Array, Object(Closure))
#14 /www/wwwroot/chczs_toupiao110/vendor/laravel/framework/src/Illuminate/Container/Container.php(564): Illuminate\\Container\\BoundMethod::call(Object(Illuminate\\Foundation\\Application), Array, Array, NULL)
#15 /www/wwwroot/chczs_toupiao110/vendor/laravel/framework/src/Illuminate/Foundation/Application.php(794): Illuminate\\Container\\Container->call(Array)
#16 /www/wwwroot/chczs_toupiao110/vendor/laravel/framework/src/Illuminate/Foundation/Application.php(777): Illuminate\\Foundation\\Application->bootProvider(Object(App\\Providers\\AppServiceProvider))
#17 [internal function]: Illuminate\\Foundation\\Application->Illuminate\\Foundation\\{closure}(Object(App\\Providers\\AppServiceProvider), 16)
#18 /www/wwwroot/chczs_toupiao110/vendor/laravel/framework/src/Illuminate/Foundation/Application.php(778): array_walk(Array, Object(Closure))
#19 /www/wwwroot/chczs_toupiao110/vendor/laravel/framework/src/Illuminate/Foundation/Bootstrap/BootProviders.php(17): Illuminate\\Foundation\\Application->boot()
#20 /www/wwwroot/chczs_toupiao110/vendor/laravel/framework/src/Illuminate/Foundation/Application.php(206): Illuminate\\Foundation\\Bootstrap\\BootProviders->bootstrap(Object(Illuminate\\Foundation\\Application))
#21 /www/wwwroot/chczs_toupiao110/vendor/laravel/framework/src/Illuminate/Foundation/Http/Kernel.php(162): Illuminate\\Foundation\\Application->bootstrapWith(Array)
#22 /www/wwwroot/chczs_toupiao110/vendor/laravel/framework/src/Illuminate/Foundation/Http/Kernel.php(146): Illuminate\\Foundation\\Http\\Kernel->bootstrap()
#23 /www/wwwroot/chczs_toupiao110/vendor/laravel/framework/src/Illuminate/Foundation/Http/Kernel.php(116): Illuminate\\Foundation\\Http\\Kernel->sendRequestThroughRouter(Object(Illuminate\\Http\\Request))
#24 /www/wwwroot/chczs_toupiao110/public/index.php(55): Illuminate\\Foundation\\Http\\Kernel->handle(Object(Illuminate\\Http\\Request))
#25 {main}
"} 
